<?xml version="1.0" encoding="UTF-8"?>
<testng-results skipped="0" failed="0" ignored="0" total="1" passed="1">
  <reporter-output>
  </reporter-output>
  <suite name="Default suite" duration-ms="191581" started-at="2020-07-11T11:28:58Z" finished-at="2020-07-11T11:32:09Z">
    <groups>
    </groups>
    <test name="Default test" duration-ms="191581" started-at="2020-07-11T11:28:58Z" finished-at="2020-07-11T11:32:09Z">
      <class name="TestCases.LoginTestcases">
        <test-method status="PASS" signature="Login()[pri:0, instance:TestCases.LoginTestcases@62ee68d8]" name="Login" duration-ms="191541" started-at="2020-07-11T11:28:58Z" finished-at="2020-07-11T11:32:09Z">
          <reporter-output>
          </reporter-output>
        </test-method> <!-- Login -->
      </class> <!-- TestCases.LoginTestcases -->
    </test> <!-- Default test -->
  </suite> <!-- Default suite -->
</testng-results>
