<?xml version="1.0" encoding="UTF-8"?>
<testng-results skipped="0" failed="0" ignored="0" total="1" passed="1">
  <reporter-output>
  </reporter-output>
  <suite name="Default suite" duration-ms="7300" started-at="2020-07-08T18:18:43Z" finished-at="2020-07-08T18:18:50Z">
    <groups>
    </groups>
    <test name="Default test" duration-ms="7300" started-at="2020-07-08T18:18:43Z" finished-at="2020-07-08T18:18:50Z">
      <class name="Demo">
        <test-method status="PASS" signature="openbrowser()[pri:0, instance:Demo@643b1d11]" name="openbrowser" duration-ms="7260" started-at="2020-07-08T23:48:43Z" finished-at="2020-07-08T23:48:50Z">
          <reporter-output>
          </reporter-output>
        </test-method> <!-- openbrowser -->
      </class> <!-- Demo -->
    </test> <!-- Default test -->
  </suite> <!-- Default suite -->
</testng-results>
